<?xml version="1.0" encoding="UTF-8"?>
<!-- Generated by org.testng.reporters.JUnitXMLReporter -->
<testsuite hostname="StephLaptop" failures="0" tests="3" name="Default test" time="1.929" errors="0" timestamp="20 Aug 2024 07:49:18 GMT">
  <testcase classname="TestAssessment.NewLibraryTest" name="testFooterPresence" time="0.101"/>
  <testcase classname="TestAssessment.NewLibraryTest" name="testNavbarLinks" time="0.117"/>
  <testcase classname="TestAssessment.NewLibraryTest" name="testTableContent" time="0.56"/>
</testsuite> <!-- Default test -->
