<?xml version="1.0" encoding="UTF-8"?>
<testng-results total="3" passed="3" failed="0" skipped="0">
  <reporter-output>
  </reporter-output>
  <suite started-at="2024-08-20T07:53:08Z" name="Surefire suite" finished-at="2024-08-20T07:53:10Z" duration-ms="2406">
    <groups>
    </groups>
    <test started-at="2024-08-20T07:53:08Z" name="Surefire test" finished-at="2024-08-20T07:53:10Z" duration-ms="2406">
      <class name="TestAssessment.NewLibraryTest">
        <test-method is-config="true" signature="setUp()[pri:0, instance:TestAssessment.NewLibraryTest@4a891c97]" started-at="2024-08-20T15:53:08Z" name="setUp" finished-at="2024-08-20T15:53:09Z" duration-ms="1475" status="PASS">
          <reporter-output>
          </reporter-output>
        </test-method> <!-- setUp -->
        <test-method signature="testFooterPresence()[pri:0, instance:TestAssessment.NewLibraryTest@4a891c97]" started-at="2024-08-20T15:53:09Z" name="testFooterPresence" finished-at="2024-08-20T15:53:09Z" duration-ms="184" status="PASS">
          <reporter-output>
          </reporter-output>
        </test-method> <!-- testFooterPresence -->
        <test-method signature="testNavbarLinks()[pri:0, instance:TestAssessment.NewLibraryTest@4a891c97]" started-at="2024-08-20T15:53:09Z" name="testNavbarLinks" finished-at="2024-08-20T15:53:09Z" duration-ms="86" status="PASS">
          <reporter-output>
          </reporter-output>
        </test-method> <!-- testNavbarLinks -->
        <test-method signature="testTableContent()[pri:0, instance:TestAssessment.NewLibraryTest@4a891c97]" started-at="2024-08-20T15:53:09Z" name="testTableContent" finished-at="2024-08-20T15:53:10Z" duration-ms="559" status="PASS">
          <reporter-output>
          </reporter-output>
        </test-method> <!-- testTableContent -->
        <test-method is-config="true" signature="tearDown()[pri:0, instance:TestAssessment.NewLibraryTest@4a891c97]" started-at="2024-08-20T15:53:10Z" name="tearDown" finished-at="2024-08-20T15:53:10Z" duration-ms="87" status="PASS">
          <reporter-output>
          </reporter-output>
        </test-method> <!-- tearDown -->
      </class> <!-- TestAssessment.NewLibraryTest -->
    </test> <!-- Surefire test -->
  </suite> <!-- Surefire suite -->
</testng-results>
