<?xml version="1.0" encoding="UTF-8"?>
<testng-results total="3" passed="3" failed="0" skipped="0">
  <reporter-output>
  </reporter-output>
  <suite started-at="2024-08-20T07:49:16Z" name="Default suite" finished-at="2024-08-20T07:49:18Z" duration-ms="1929">
    <groups>
    </groups>
    <test started-at="2024-08-20T07:49:16Z" name="Default test" finished-at="2024-08-20T07:49:18Z" duration-ms="1929">
      <class name="TestAssessment.NewLibraryTest">
        <test-method is-config="true" signature="setUp()[pri:0, instance:TestAssessment.NewLibraryTest@47f9738]" started-at="2024-08-20T15:49:16Z" name="setUp" finished-at="2024-08-20T15:49:17Z" duration-ms="1058" status="PASS">
          <reporter-output>
          </reporter-output>
        </test-method> <!-- setUp -->
        <test-method signature="testFooterPresence()[pri:0, instance:TestAssessment.NewLibraryTest@47f9738]" started-at="2024-08-20T15:49:17Z" name="testFooterPresence" finished-at="2024-08-20T15:49:17Z" duration-ms="101" status="PASS">
          <reporter-output>
          </reporter-output>
        </test-method> <!-- testFooterPresence -->
        <test-method signature="testNavbarLinks()[pri:0, instance:TestAssessment.NewLibraryTest@47f9738]" started-at="2024-08-20T15:49:17Z" name="testNavbarLinks" finished-at="2024-08-20T15:49:17Z" duration-ms="117" status="PASS">
          <reporter-output>
          </reporter-output>
        </test-method> <!-- testNavbarLinks -->
        <test-method signature="testTableContent()[pri:0, instance:TestAssessment.NewLibraryTest@47f9738]" started-at="2024-08-20T15:49:17Z" name="testTableContent" finished-at="2024-08-20T15:49:18Z" duration-ms="560" status="PASS">
          <reporter-output>
          </reporter-output>
        </test-method> <!-- testTableContent -->
        <test-method is-config="true" signature="tearDown()[pri:0, instance:TestAssessment.NewLibraryTest@47f9738]" started-at="2024-08-20T15:49:18Z" name="tearDown" finished-at="2024-08-20T15:49:18Z" duration-ms="84" status="PASS">
          <reporter-output>
          </reporter-output>
        </test-method> <!-- tearDown -->
      </class> <!-- TestAssessment.NewLibraryTest -->
    </test> <!-- Default test -->
  </suite> <!-- Default suite -->
</testng-results>
